<?xml version="1.0" encoding="UTF-8"?>
<!-- Generated by org.testng.reporters.JUnitReportReporter -->
<testsuite ignored="0" hostname="Maya" failures="0" tests="2" name="roician.testng.TestSelenium" time="7.069" errors="0" timestamp="06 Feb 2024 05:42:02 GMT" skipped="0">
  <testcase classname="roician.testng.TestSelenium" name="gmailDisplay" time="3.575"/>
  <testcase classname="roician.testng.TestSelenium" name="getTitle" time="3.494"/>
</testsuite> <!-- roician.testng.TestSelenium -->
