<?xml version="1.0" encoding="UTF-8"?>
<!-- Generated by org.testng.reporters.JUnitReportReporter -->
<testsuite ignored="0" hostname="Maya" failures="0" tests="3" name="roician.testng.TestSeleniumParameterized" time="11.323" errors="0" timestamp="06 Feb 2024 05:42:02 GMT" skipped="0">
  <testcase classname="roician.testng.TestSeleniumParameterized" name="display" time="4.136"/>
  <testcase classname="roician.testng.TestSeleniumParameterized" name="display" time="3.597"/>
  <testcase classname="roician.testng.TestSeleniumParameterized" name="display" time="3.590"/>
</testsuite> <!-- roician.testng.TestSeleniumParameterized -->
