<?xml version="1.0" encoding="UTF-8"?>
<!-- Generated by org.testng.reporters.JUnitReportReporter -->
<testsuite ignored="0" hostname="Maya" failures="0" tests="1" name="roician.testng.Testn" time="13.935" errors="0" timestamp="06 Feb 2024 05:40:35 GMT" skipped="0">
  <testcase classname="roician.testng.Testn" name="validcase" time="13.935"/>
</testsuite> <!-- roician.testng.Testn -->
