<?xml version="1.0" encoding="UTF-8"?>
<!-- Generated by org.testng.reporters.JUnitReportReporter -->
<testsuite ignored="0" hostname="Maya" failures="0" tests="3" name="roician.testng.TestSeleniumParameterized" time="11.405" errors="0" timestamp="06 Feb 2024 05:40:35 GMT" skipped="0">
  <testcase classname="roician.testng.TestSeleniumParameterized" name="display" time="4.151"/>
  <testcase classname="roician.testng.TestSeleniumParameterized" name="display" time="3.632"/>
  <testcase classname="roician.testng.TestSeleniumParameterized" name="display" time="3.622"/>
</testsuite> <!-- roician.testng.TestSeleniumParameterized -->
